02/19/2018 11:17:00 AM Starting new HTTP connection (1): eabsen.kalselprov.go.id
02/19/2018 11:17:00 AM HTTPConnectionPool(host='eabsen.kalselprov.go.id', port=80): Max retries exceeded with url: /api/cekpegawai/19 (Caused by NewConnectionError('<urllib3.connection.HTTPConnection object at 0x056F8030>: Failed to establish a new connection: [Errno 11001] getaddrinfo failed',))
02/19/2018 11:33:22 AM Starting new HTTP connection (1): eabsen.kalselprov.go.id
02/19/2018 11:33:23 AM HTTPConnectionPool(host='eabsen.kalselprov.go.id', port=80): Max retries exceeded with url: /api/cekpegawai/19 (Caused by NewConnectionError('<urllib3.connection.HTTPConnection object at 0x05D790F0>: Failed to establish a new connection: [Errno 11001] getaddrinfo failed',))
02/19/2018 11:36:41 AM Starting new HTTP connection (1): eabsen.kalselprov.go.id
02/19/2018 11:36:41 AM http://eabsen.kalselprov.go.id:80 "GET /api/cekpegawai/19 HTTP/1.1" 200 None
02/19/2018 11:37:16 AM Starting new HTTP connection (1): eabsen.kalselprov.go.id
02/19/2018 11:37:16 AM HTTPConnectionPool(host='eabsen.kalselprov.go.id', port=80): Max retries exceeded with url: /api/cekpegawai/19 (Caused by NewConnectionError('<urllib3.connection.HTTPConnection object at 0x051B8030>: Failed to establish a new connection: [Errno 11001] getaddrinfo failed',))
02/19/2018 11:39:41 AM DEBUG Starting new HTTP connection (1): eabsen.kalselprov.go.id
02/19/2018 11:39:41 AM DEBUG http://eabsen.kalselprov.go.id:80 "GET /api/cekpegawai/19 HTTP/1.1" 200 None
02/19/2018 11:40:17 AM DEBUG Starting new HTTP connection (1): eabsen.go.id
02/19/2018 11:40:17 AM DEBUG http://eabsen.go.id:80 "GET /api/cekpegawai/19 HTTP/1.1" 302 0
02/19/2018 11:40:17 AM DEBUG Starting new HTTP connection (1): mercusuar.uzone.id
02/19/2018 11:40:17 AM DEBUG http://mercusuar.uzone.id:80 "GET / HTTP/1.1" 200 14964
02/19/2018 11:40:17 AM ERROR No JSON object could be decoded
02/19/2018 11:42:31 AM DEBUG Starting new HTTP connection (1): eabsen.go.id
02/19/2018 11:42:31 AM DEBUG http://eabsen.go.id:80 "GET /api/cekpegawai/19 HTTP/1.1" 302 0
02/19/2018 11:42:31 AM DEBUG Starting new HTTP connection (1): mercusuar.uzone.id
02/19/2018 11:42:31 AM DEBUG http://mercusuar.uzone.id:80 "GET / HTTP/1.1" 200 14964
02/19/2018 11:42:58 AM DEBUG Starting new HTTP connection (1): eabsen.go.id
02/19/2018 11:42:58 AM DEBUG http://eabsen.go.id:80 "GET /api/cekpegawai/19 HTTP/1.1" 302 0
02/19/2018 11:42:58 AM DEBUG Starting new HTTP connection (1): mercusuar.uzone.id
02/19/2018 11:42:58 AM DEBUG http://mercusuar.uzone.id:80 "GET / HTTP/1.1" 200 14959
02/19/2018 11:43:05 AM DEBUG Starting new HTTP connection (1): eabsen.go.id
02/19/2018 11:43:06 AM DEBUG http://eabsen.go.id:80 "GET /api/cekpegawai/19 HTTP/1.1" 302 0
02/19/2018 11:43:06 AM DEBUG Starting new HTTP connection (1): mercusuar.uzone.id
02/19/2018 11:43:06 AM DEBUG http://mercusuar.uzone.id:80 "GET / HTTP/1.1" 200 14959
02/19/2018 11:43:06 AM ERROR No JSON object could be decoded
02/19/2018 11:43:44 AM DEBUG Starting new HTTP connection (1): eabsen.go.id
02/19/2018 11:43:44 AM DEBUG http://eabsen.go.id:80 "GET /api/cekpegawai/19 HTTP/1.1" 302 0
02/19/2018 11:43:44 AM DEBUG Starting new HTTP connection (1): mercusuar.uzone.id
02/19/2018 11:43:44 AM DEBUG http://mercusuar.uzone.id:80 "GET / HTTP/1.1" 200 14959
02/19/2018 11:43:45 AM ERROR Error
02/19/2018 11:44:25 AM DEBUG Starting new HTTP connection (1): eabsen.go.id
02/19/2018 11:44:25 AM DEBUG http://eabsen.go.id:80 "GET /api/cekpegawai/19 HTTP/1.1" 302 0
02/19/2018 11:44:25 AM DEBUG Starting new HTTP connection (1): mercusuar.uzone.id
02/19/2018 11:44:25 AM DEBUG http://mercusuar.uzone.id:80 "GET / HTTP/1.1" 200 14959
02/19/2018 11:47:10 AM DEBUG Starting new HTTP connection (1): eabsen.go.id
02/19/2018 11:47:10 AM DEBUG http://eabsen.go.id:80 "GET /api/cekpegawai/19 HTTP/1.1" 302 0
02/19/2018 11:47:10 AM DEBUG Starting new HTTP connection (1): mercusuar.uzone.id
02/19/2018 11:47:10 AM DEBUG http://mercusuar.uzone.id:80 "GET / HTTP/1.1" 200 14959
02/19/2018 11:49:37 AM DEBUG Starting new HTTP connection (1): eabsen.go.id
02/19/2018 11:49:37 AM DEBUG http://eabsen.go.id:80 "GET /api/cekpegawai/19 HTTP/1.1" 302 0
02/19/2018 11:49:37 AM DEBUG Starting new HTTP connection (1): mercusuar.uzone.id
02/19/2018 11:49:37 AM DEBUG http://mercusuar.uzone.id:80 "GET / HTTP/1.1" 200 14959
02/19/2018 11:52:00 AM DEBUG Starting new HTTP connection (1): eabsen.go.id
02/19/2018 11:52:00 AM DEBUG http://eabsen.go.id:80 "GET /api/cekpegawai/19 HTTP/1.1" 302 0
02/19/2018 11:52:00 AM DEBUG Starting new HTTP connection (1): mercusuar.uzone.id
02/19/2018 11:52:00 AM DEBUG http://mercusuar.uzone.id:80 "GET / HTTP/1.1" 200 14959
02/19/2018 11:52:14 AM DEBUG Starting new HTTP connection (1): eabsen.go.id
02/19/2018 11:52:14 AM DEBUG http://eabsen.go.id:80 "GET /api/cekpegawai/19 HTTP/1.1" 302 0
02/19/2018 11:52:14 AM DEBUG Starting new HTTP connection (1): mercusuar.uzone.id
02/19/2018 11:52:14 AM DEBUG http://mercusuar.uzone.id:80 "GET / HTTP/1.1" 200 14959
02/19/2018 11:54:09 AM DEBUG Starting new HTTP connection (1): eabsen.go.id
02/19/2018 11:54:09 AM DEBUG http://eabsen.go.id:80 "GET /api/cekpegawai/19 HTTP/1.1" 302 0
02/19/2018 11:54:09 AM DEBUG Starting new HTTP connection (1): mercusuar.uzone.id
02/19/2018 11:54:09 AM DEBUG http://mercusuar.uzone.id:80 "GET / HTTP/1.1" 200 14547
02/19/2018 11:54:22 AM DEBUG Starting new HTTP connection (1): eabsen.go.id
02/19/2018 11:54:22 AM DEBUG http://eabsen.go.id:80 "GET /api/cekpegawai/19 HTTP/1.1" 302 0
02/19/2018 11:54:22 AM DEBUG Starting new HTTP connection (1): mercusuar.uzone.id
02/19/2018 11:54:22 AM DEBUG http://mercusuar.uzone.id:80 "GET / HTTP/1.1" 200 14547
02/19/2018 11:55:10 AM DEBUG Starting new HTTP connection (1): eabsen.go.id
02/19/2018 11:55:10 AM DEBUG http://eabsen.go.id:80 "GET /api/cekpegawai/19 HTTP/1.1" 302 0
02/19/2018 11:55:10 AM DEBUG Starting new HTTP connection (1): mercusuar.uzone.id
02/19/2018 11:55:10 AM DEBUG http://mercusuar.uzone.id:80 "GET / HTTP/1.1" 200 14547
02/19/2018 11:56:26 AM DEBUG Starting new HTTP connection (1): eabsen.go.id
02/19/2018 11:56:26 AM DEBUG http://eabsen.go.id:80 "GET /api/cekpegawai/19 HTTP/1.1" 302 0
02/19/2018 11:56:26 AM DEBUG Starting new HTTP connection (1): mercusuar.uzone.id
02/19/2018 11:56:26 AM DEBUG http://mercusuar.uzone.id:80 "GET / HTTP/1.1" 200 14547
02/19/2018 11:56:43 AM DEBUG Starting new HTTP connection (1): eabsen.go.id
02/19/2018 11:56:43 AM DEBUG http://eabsen.go.id:80 "GET /api/cekpegawai/19 HTTP/1.1" 302 0
02/19/2018 11:56:43 AM DEBUG Starting new HTTP connection (1): mercusuar.uzone.id
02/19/2018 11:56:43 AM DEBUG http://mercusuar.uzone.id:80 "GET / HTTP/1.1" 200 14547
02/19/2018 11:56:43 AM DEBUG No JSON object could be decoded
02/19/2018 11:57:17 AM DEBUG Starting new HTTP connection (1): eabsen.go.id
02/19/2018 11:57:17 AM DEBUG http://eabsen.go.id:80 "GET /api/cekpegawai/19 HTTP/1.1" 302 0
02/19/2018 11:57:17 AM DEBUG Starting new HTTP connection (1): mercusuar.uzone.id
02/19/2018 11:57:17 AM DEBUG http://mercusuar.uzone.id:80 "GET / HTTP/1.1" 200 14547
02/19/2018 12:07:01 PM DEBUG Starting new HTTP connection (1): eabsen.kalselprov.go.id
02/19/2018 12:07:01 PM DEBUG http://eabsen.kalselprov.go.id:80 "GET /api/cekpegawai/19 HTTP/1.1" 200 None
02/19/2018 12:07:17 PM DEBUG Starting new HTTP connection (1): eabsen.kalselprov.go.id
02/19/2018 12:07:17 PM DEBUG http://eabsen.kalselprov.go.id:80 "GET /api/cekpegawai/19 HTTP/1.1" 200 None
02/19/2018 12:22:26 PM DEBUG Starting new HTTP connection (1): eabsen.go.id
02/19/2018 12:22:26 PM DEBUG http://eabsen.go.id:80 "GET /api/cekpegawai/19 HTTP/1.1" 302 0
02/19/2018 12:22:26 PM DEBUG Starting new HTTP connection (1): mercusuar.uzone.id
02/19/2018 12:22:26 PM DEBUG http://mercusuar.uzone.id:80 "GET / HTTP/1.1" 200 15297
02/19/2018 12:24:10 PM DEBUG Starting new HTTP connection (1): eabsen.go.id
02/19/2018 12:24:10 PM DEBUG http://eabsen.go.id:80 "GET /api/cekpegawai/19 HTTP/1.1" 302 0
02/19/2018 12:24:10 PM DEBUG Starting new HTTP connection (1): mercusuar.uzone.id
02/19/2018 12:24:10 PM DEBUG http://mercusuar.uzone.id:80 "GET / HTTP/1.1" 200 15297
02/19/2018 12:24:36 PM DEBUG Starting new HTTP connection (1): eabsen.go.id
02/19/2018 12:24:36 PM DEBUG http://eabsen.go.id:80 "GET /api/cekpegawai/19 HTTP/1.1" 302 0
02/19/2018 12:24:36 PM DEBUG Starting new HTTP connection (1): mercusuar.uzone.id
02/19/2018 12:24:36 PM DEBUG http://mercusuar.uzone.id:80 "GET / HTTP/1.1" 200 14899
02/19/2018 12:28:28 PM DEBUG Starting new HTTP connection (1): eabsen.go.id
02/19/2018 12:28:28 PM DEBUG http://eabsen.go.id:80 "GET /api/cekpegawai/19 HTTP/1.1" 302 0
02/19/2018 12:28:28 PM DEBUG Starting new HTTP connection (1): mercusuar.uzone.id
02/19/2018 12:28:28 PM DEBUG http://mercusuar.uzone.id:80 "GET / HTTP/1.1" 200 14899
02/19/2018 12:28:28 PM DEBUG No JSON object could be decoded
02/19/2018 12:29:07 PM DEBUG Starting new HTTP connection (1): eabsen.go.id
02/19/2018 12:29:07 PM DEBUG http://eabsen.go.id:80 "GET /api/cekpegawai/19 HTTP/1.1" 302 0
02/19/2018 12:29:07 PM DEBUG Starting new HTTP connection (1): mercusuar.uzone.id
02/19/2018 12:29:08 PM DEBUG http://mercusuar.uzone.id:80 "GET / HTTP/1.1" 200 15297
02/19/2018 12:29:08 PM DEBUG No JSON object could be decoded
02/19/2018 12:32:04 PM DEBUG Starting new HTTP connection (1): eabsen.go.id
02/19/2018 12:32:04 PM DEBUG http://eabsen.go.id:80 "GET /api/cekpegawai/19 HTTP/1.1" 302 0
02/19/2018 12:32:04 PM DEBUG Starting new HTTP connection (1): mercusuar.uzone.id
02/19/2018 12:32:04 PM DEBUG http://mercusuar.uzone.id:80 "GET / HTTP/1.1" 200 14615
02/19/2018 12:32:04 PM DEBUG No JSON object could be decoded
02/19/2018 12:34:43 PM DEBUG Starting new HTTP connection (1): eabsen.go.id
02/19/2018 12:34:43 PM DEBUG http://eabsen.go.id:80 "GET /api/cekpegawai/19 HTTP/1.1" 302 0
02/19/2018 12:34:43 PM DEBUG Starting new HTTP connection (1): mercusuar.uzone.id
02/19/2018 12:34:43 PM DEBUG http://mercusuar.uzone.id:80 "GET / HTTP/1.1" 200 14734
02/19/2018 12:34:43 PM DEBUG No JSON object could be decoded
02/19/2018 12:34:43 PM DEBUG No JSON object could be decoded
02/19/2018 12:34:43 PM DEBUG Starting new HTTP connection (1): eabsen.kalselprov.go.id
02/19/2018 12:34:43 PM DEBUG http://eabsen.kalselprov.go.id:80 "POST /api/historycrash HTTP/1.1" 500 None
02/19/2018 12:36:19 PM DEBUG Starting new HTTP connection (1): eabsen.go.id
02/19/2018 12:36:19 PM DEBUG http://eabsen.go.id:80 "GET /api/cekpegawai/19 HTTP/1.1" 302 0
02/19/2018 12:36:19 PM DEBUG Starting new HTTP connection (1): mercusuar.uzone.id
02/19/2018 12:36:19 PM DEBUG http://mercusuar.uzone.id:80 "GET / HTTP/1.1" 200 14734
02/19/2018 12:36:19 PM DEBUG No JSON object could be decoded
02/19/2018 12:36:31 PM DEBUG Starting new HTTP connection (1): eabsen.go.id
02/19/2018 12:36:31 PM DEBUG http://eabsen.go.id:80 "GET /api/cekpegawai/19 HTTP/1.1" 302 0
02/19/2018 12:36:31 PM DEBUG Starting new HTTP connection (1): mercusuar.uzone.id
02/19/2018 12:36:31 PM DEBUG http://mercusuar.uzone.id:80 "GET / HTTP/1.1" 200 14734
02/19/2018 12:36:31 PM DEBUG No JSON object could be decoded
02/19/2018 12:36:31 PM DEBUG Starting new HTTP connection (1): eabsen.kalselprov.go.id
02/19/2018 12:36:31 PM DEBUG http://eabsen.kalselprov.go.id:80 "POST /api/historycrash HTTP/1.1" 200 None
02/19/2018 12:36:50 PM DEBUG Starting new HTTP connection (1): eabsen.go.id
02/19/2018 12:36:50 PM DEBUG http://eabsen.go.id:80 "GET /api/cekpegawai/19 HTTP/1.1" 302 0
02/19/2018 12:36:50 PM DEBUG Starting new HTTP connection (1): mercusuar.uzone.id
02/19/2018 12:36:50 PM DEBUG http://mercusuar.uzone.id:80 "GET / HTTP/1.1" 200 14734
02/19/2018 12:36:51 PM DEBUG No JSON object could be decoded
02/19/2018 12:36:51 PM DEBUG Starting new HTTP connection (1): eabsen.kalselprov.go.id
02/19/2018 12:36:51 PM DEBUG http://eabsen.kalselprov.go.id:80 "POST /api/historycrash HTTP/1.1" 200 None
02/19/2018 12:37:39 PM DEBUG Starting new HTTP connection (1): eabsen.kalselprov.go.id
02/19/2018 12:37:39 PM DEBUG http://eabsen.kalselprov.go.id:80 "GET /api/cekpegawai/19 HTTP/1.1" 200 None
02/19/2018 12:38:48 PM DEBUG Starting new HTTP connection (1): eabsen.kalselprov.go.id
02/19/2018 12:38:48 PM DEBUG http://eabsen.kalselprov.go.id:80 "GET /api/cekpegawai/19 HTTP/1.1" 200 None
02/19/2018 12:45:49 PM DEBUG Starting new HTTP connection (1): eabsen.kalselprov.go.id
02/19/2018 12:45:49 PM DEBUG http://eabsen.kalselprov.go.id:80 "GET /api/ambilfinger/7239 HTTP/1.1" 200 None
02/19/2018 12:49:15 PM DEBUG Starting new HTTP connection (1): eabsen.kalselprov.go.id
02/19/2018 12:49:15 PM DEBUG http://eabsen.kalselprov.go.id:80 "GET /api/triger HTTP/1.1" 200 None
02/19/2018 12:49:24 PM DEBUG Starting new HTTP connection (1): eabsen.kalselprov.go.id
02/19/2018 12:49:24 PM DEBUG http://eabsen.kalselprov.go.id:80 "GET /api/admin/finger/ HTTP/1.1" 200 None
02/19/2018 12:49:33 PM DEBUG Starting new HTTP connection (1): eabsen.kalselprov.go.id
02/19/2018 12:49:33 PM DEBUG http://eabsen.kalselprov.go.id:80 "GET /api/version HTTP/1.1" 200 None
02/19/2018 12:51:14 PM DEBUG Starting new HTTP connection (1): eabsen.kalselprov.go.id
02/19/2018 12:51:14 PM DEBUG http://eabsen.kalselprov.go.id:80 "GET /api/macaddress HTTP/1.1" 200 None
02/19/2018 12:53:01 PM DEBUG Starting new HTTP connection (1): eabsen.kalselprov.go.id
02/19/2018 12:53:01 PM DEBUG http://eabsen.kalselprov.go.id:80 "GET /api/hapusfingerpegawai HTTP/1.1" 200 None
02/19/2018 01:01:08 PM DEBUG Starting new HTTP connection (1): eabsen.kalselprov.go.id
02/19/2018 01:01:08 PM DEBUG http://eabsen.kalselprov.go.id:80 "POST /api/historycrash HTTP/1.1" 200 None
